<?xml version="1.0" encoding="UTF-8"?>
<!-- Generated by org.testng.reporters.JUnitReportReporter -->
<testsuite hostname="GUGAN-PC" failures="0" tests="1" name="tests.LoginTest" time="7.954" errors="0" timestamp="2025-02-09T11:46:02 SGT" skipped="0">
  <testcase classname="tests.LoginTest" name="logintest" time="7.954"/>
</testsuite> <!-- tests.LoginTest -->
