<?xml version="1.0" encoding="UTF-8"?>
<!-- Generated by org.testng.reporters.JUnitReportReporter -->
<testsuite hostname="GUGAN-PC" failures="0" tests="2" name="tests.TestClass" time="6.161" errors="0" timestamp="2025-02-09T12:15:22 SGT" skipped="0">
  <testcase classname="tests.TestClass" name="logouttest" time="3.221"/>
  <testcase classname="tests.TestClass" name="logintest" time="2.940"/>
</testsuite> <!-- tests.TestClass -->
